<?xml version="1.0" encoding="UTF-8"?>
<!-- Generated by org.testng.reporters.JUnitReportReporter -->
<testsuite hostname="LAPTOP-H5UIH76F" failures="0" tests="1" name="com.ExtentReports.tests.AttachLogo" time="1.090" errors="0" timestamp="2023-11-10T11:47:41 GMT" skipped="0">
  <testcase classname="com.ExtentReports.tests.AttachLogo" name="extentTest" time="1.090"/>
  <system-out/>
</testsuite> <!-- com.ExtentReports.tests.AttachLogo -->
