<?xml version="1.0" encoding="UTF-8"?>
<!-- Generated by org.testng.reporters.JUnitReportReporter -->
<testsuite hostname="LAPTOP-H5UIH76F" failures="0" tests="1" name="com.ExtentReports.tests.ExtentReportsFile" time="0.688" errors="0" timestamp="2023-11-09T21:57:17 GMT" skipped="0">
  <testcase classname="com.ExtentReports.tests.ExtentReportsFile" name="extentTest" time="0.688"/>
  <system-out/>
</testsuite> <!-- com.ExtentReports.tests.ExtentReportsFile -->
