<?xml version="1.0" encoding="UTF-8"?>
<!-- Generated by org.testng.reporters.JUnitReportReporter -->
<testsuite hostname="LAPTOP-H5UIH76F" failures="0" tests="1" name="com.ExtentReports.tests.ExtentReportTest" time="1.318" errors="0" timestamp="2023-11-09T23:03:49 GMT" skipped="0">
  <testcase classname="com.ExtentReports.tests.ExtentReportTest" name="extentTest" time="1.318"/>
  <system-out/>
</testsuite> <!-- com.ExtentReports.tests.ExtentReportTest -->
