<?xml version="1.0" encoding="UTF-8"?>
<!-- Generated by org.testng.reporters.JUnitReportReporter -->
<testsuite hostname="LAPTOP-H5UIH76F" failures="0" tests="1" name="com.ExtentReports.tests.ExtentReportWithCustomization" time="1.195" errors="0" timestamp="2023-11-10T11:21:56 GMT" skipped="0">
  <testcase classname="com.ExtentReports.tests.ExtentReportWithCustomization" name="extentTest" time="1.195"/>
  <system-out/>
</testsuite> <!-- com.ExtentReports.tests.ExtentReportWithCustomization -->
